<?xml version="1.0" encoding="UTF-8"?>
<!-- Generated by org.testng.reporters.JUnitReportReporter -->
<testsuite hostname="DESKTOP-83JUM21" failures="0" tests="2" name="Mukhya" time="64.869" errors="0" timestamp="2020-03-25T21:01:02 IST" skipped="2">
  <testcase classname="Mukhya" name="pcvNew" time="29.852">
    <skipped/>
  </testcase> <!-- pcvNew -->
  <testcase classname="Mukhya" name="pcvNew" time="35.017">
    <skipped/>
  </testcase> <!-- pcvNew -->
</testsuite> <!-- Mukhya -->
