<?xml version="1.0" encoding="UTF-8"?>
<!-- Generated by org.testng.reporters.JUnitReportReporter -->
<testsuite hostname="DESKTOP-83JUM21" failures="0" tests="1" name="Simple" time="32.818" errors="0" timestamp="2019-12-29T13:10:50 IST" skipped="0">
  <testcase classname="Simple" name="setup" time="32.818"/>
</testsuite> <!-- Simple -->
