<?xml version="1.0" encoding="UTF-8"?>
<!-- Generated by org.testng.reporters.JUnitReportReporter -->
<testsuite hostname="DESKTOP-83JUM21" failures="0" tests="1" name="Seventh" time="51.316" errors="0" timestamp="2020-02-21T17:12:01 IST" skipped="0">
  <testcase classname="Seventh" name="seventh" time="51.316"/>
</testsuite> <!-- Seventh -->
