<?xml version="1.0" encoding="UTF-8"?>
<!-- Generated by org.testng.reporters.JUnitReportReporter -->
<testsuite hostname="DESKTOP-83JUM21" failures="0" tests="1" name="Ninth" time="77.388" errors="0" timestamp="2020-03-13T16:51:11 IST" skipped="0">
  <testcase classname="Ninth" name="ninth" time="77.388"/>
</testsuite> <!-- Ninth -->
