<?xml version="1.0" encoding="UTF-8"?>
<!-- Generated by org.testng.reporters.JUnitReportReporter -->
<testsuite hostname="DESKTOP-83JUM21" failures="0" tests="1" name="Tenth" time="64.409" errors="0" timestamp="2020-03-13T16:51:10 IST" skipped="0">
  <testcase classname="Tenth" name="tenth" time="64.409"/>
</testsuite> <!-- Tenth -->
