<?xml version="1.0" encoding="UTF-8"?>
<!-- Generated by org.testng.reporters.JUnitReportReporter -->
<testsuite hostname="DESKTOP-83JUM21" failures="0" tests="1" name="Sixth" time="51.745" errors="0" timestamp="2020-02-21T17:12:01 IST" skipped="0">
  <testcase classname="Sixth" name="sixth" time="51.745"/>
</testsuite> <!-- Sixth -->
