<?xml version="1.0" encoding="UTF-8"?>
<!-- Generated by org.testng.reporters.JUnitReportReporter -->
<testsuite hostname="DESKTOP-83JUM21" failures="0" tests="3" name="Simple" time="291.806" errors="0" timestamp="2020-01-16T21:25:31 IST" skipped="0">
  <testcase classname="Simple" name="setup" time="127.881"/>
  <testcase classname="Simple" name="setup1" time="36.931"/>
  <testcase classname="Simple" name="setup2" time="126.994"/>
</testsuite> <!-- Simple -->
